Release, -march=native: 106.104 seconds

-------------------------------------------------------------------------------
poly_obj performance
-------------------------------------------------------------------------------
../kblib/variant.cpp:431
...............................................................................

benchmark name                                  samples       iterations    estimated
                                                mean          low mean      high mean
                                                std dev       low std dev   high std dev
-------------------------------------------------------------------------------
baseline                                                100          108   10.4112 ms 
                                                   1.151 us     1.139 us     1.161 us 
                                                      55 ns        37 ns        77 ns 
                                                                                      
raw pointer                                             100           89   10.3863 ms 
                                                   1.153 us     1.141 us     1.161 us 
                                                      48 ns        32 ns        65 ns 
                                                                                      
unique_ptr                                              100           71    10.508 ms 
                                                   1.698 us     1.689 us     1.708 us 
                                                      48 ns        35 ns        70 ns 
                                                                                      
poly_obj                                                100           45    10.404 ms 
                                                   2.395 us     2.373 us     2.434 us 
                                                     144 ns        85 ns       278 ns 
                                                                                      
std::function                                           100           68   10.4448 ms 
                                                   1.634 us     1.613 us      1.69 us 
                                                     160 ns        73 ns       343 ns 
                                                                                      
std::visit(v, f)                                        100           17    10.523 ms 
                                                   6.057 us     6.049 us     6.083 us 
                                                      66 ns        23 ns       145 ns 
                                                                                      
kblib::visit(v, f...)                                   100           16   10.6752 ms 
                                                   6.655 us     6.642 us      6.68 us 
                                                      88 ns        50 ns       145 ns 
                                                                                      
kblib::visit(v)(f...)                                   100           16   10.6272 ms 
                                                   6.758 us      6.75 us     6.774 us 
                                                      55 ns        31 ns        89 ns 
                                                                                      
visit_indexed(v, f...)                                  100           23    10.695 ms 
                                                   5.041 us     5.031 us     5.045 us 
                                                      29 ns        11 ns        61 ns 
                                                                                      
kblib::visit2(v, f...)                                  100           45   10.5795 ms 
                                                   2.457 us     2.455 us     2.463 us 
                                                      19 ns         7 ns        39 ns 
                                                                                      
kblib::visit2_nop(v, f...)                              100           41   10.5534 ms 
                                                   2.701 us     2.695 us     2.704 us 
                                                      22 ns        10 ns        41 ns 
                                                                                      
std::get_if                                             100           42   10.4622 ms 
                                                   2.512 us     2.506 us      2.52 us 
                                                      35 ns        31 ns        44 ns 
                                                                                      
switch (v.index())                                      100           63   10.4265 ms 
                                                   1.647 us     1.646 us     1.651 us 
                                                      11 ns         6 ns        18 ns 
                                                                                      
raw pointer, ch                                         100           74   10.4784 ms 
                                                   1.562 us     1.558 us     1.565 us 
                                                      18 ns         9 ns        34 ns 
                                                                                      
unique_ptr, ch                                          100           48    10.488 ms 
                                                   2.469 us     2.449 us     2.481 us 
                                                      75 ns        53 ns       109 ns 
                                                                                      
poly_obj, ch                                            100           58   10.5386 ms 
                                                   2.091 us     2.079 us     2.098 us 
                                                      42 ns        20 ns        72 ns 
                                                                                      
std::function, ch                                       100           52   10.3948 ms 
                                                   2.005 us         2 us     2.023 us 
                                                      42 ns        10 ns        96 ns 
                                                                                      
kblib::visit2_nop(v, f...), ch                          100           38   10.3892 ms 
                                                   2.839 us     2.836 us     2.845 us 
                                                      18 ns         9 ns        36 ns 
                                                                                      
std::get_if, ch                                         100           40    10.584 ms 
                                                    2.82 us     2.817 us     2.827 us 
                                                      21 ns        12 ns        40 ns 
                                                                                      
switch (v.index()), ch                                  100           45    10.539 ms 
                                                   2.342 us     2.339 us      2.35 us 
                                                      25 ns        11 ns        46 ns 
                                                                                      
std::function, ex                                       100           51   10.3734 ms 
                                                   2.126 us     2.124 us      2.13 us 
                                                      14 ns         7 ns        24 ns 
                                                                                      
std::visit(v, f), ex                                    100           16   10.8656 ms 
                                                   6.765 us     6.762 us     6.774 us 
                                                      24 ns         6 ns        42 ns 
                                                                                      
kblib::visit(v, f...), ex                               100           17   10.9701 ms 
                                                   6.508 us     6.498 us     6.532 us 
                                                      77 ns        41 ns       144 ns 
                                                                                      
kblib::visit(v)(f...), ex                               100           16   10.7856 ms 
                                                   6.694 us     6.686 us     6.714 us 
                                                      58 ns        19 ns       105 ns 
                                                                                      
visit_indexed(v, f...), ex                              100           19   10.5602 ms 
                                                   5.661 us     5.657 us     5.673 us 
                                                      31 ns         9 ns        67 ns 
                                                                                      
kblib::visit2(v, f...), ex                              100           40    10.632 ms 
                                                   2.768 us     2.763 us     2.773 us 
                                                      25 ns        21 ns        34 ns 
                                                                                      

Profiling took 106.104 seconds




Release, -mtune=native: 105.938 seconds

-------------------------------------------------------------------------------
poly_obj performance
-------------------------------------------------------------------------------
../kblib/variant.cpp:431
...............................................................................

benchmark name                                  samples       iterations    estimated
                                                mean          low mean      high mean
                                                std dev       low std dev   high std dev
-------------------------------------------------------------------------------
baseline                                                100          127   10.8966 ms 
                                                     856 ns       855 ns       858 ns 
                                                       8 ns         5 ns        13 ns 
                                                                                      
raw pointer                                             100          112   10.8976 ms 
                                                     970 ns       968 ns       972 ns 
                                                       9 ns         5 ns        16 ns 
                                                                                      
unique_ptr                                              100           71   10.9482 ms 
                                                   1.663 us     1.655 us     1.671 us 
                                                      40 ns        26 ns        64 ns 
                                                                                      
poly_obj                                                100           54    11.016 ms 
                                                   2.013 us     2.007 us     2.024 us 
                                                      39 ns        23 ns        70 ns 
                                                                                      
std::function                                           100           38   10.8718 ms 
                                                   2.826 us     2.816 us      2.84 us 
                                                      60 ns        49 ns        82 ns 
                                                                                      
std::visit(v, f)                                        100           18   11.2356 ms 
                                                    6.39 us     6.349 us     6.468 us 
                                                     278 ns       164 ns       427 ns 
                                                                                      
kblib::visit(v, f...)                                   100           15     11.04 ms 
                                                   7.393 us     7.387 us     7.407 us 
                                                      44 ns        22 ns        86 ns 
                                                                                      
kblib::visit(v)(f...)                                   100           17   10.9293 ms 
                                                   6.448 us     6.433 us     6.483 us 
                                                     111 ns        60 ns       202 ns 
                                                                                      
visit_indexed(v, f...)                                  100           20    11.208 ms 
                                                   5.605 us     5.593 us     5.653 us 
                                                     106 ns        24 ns       245 ns 
                                                                                      
kblib::visit2(v, f...)                                  100           51   10.9395 ms 
                                                   2.247 us     2.218 us     2.281 us 
                                                     158 ns       135 ns       235 ns 
                                                                                      
kblib::visit2_nop(v, f...)                              100           49   10.9613 ms 
                                                   2.542 us     2.531 us     2.554 us 
                                                      58 ns        26 ns       104 ns 
                                                                                      
std::get_if                                             100           57   10.9953 ms 
                                                   1.888 us     1.885 us     1.894 us 
                                                      19 ns         6 ns        34 ns 
                                                                                      
switch (v.index())                                      100           65    11.011 ms 
                                                   1.665 us     1.664 us     1.668 us 
                                                       8 ns         4 ns        15 ns 
                                                                                      
raw pointer, ch                                         100           78   10.9434 ms 
                                                   1.401 us     1.399 us     1.404 us 
                                                      10 ns         6 ns        19 ns 
                                                                                      
unique_ptr, ch                                          100           52    10.868 ms 
                                                   2.075 us     2.073 us      2.08 us 
                                                      15 ns         9 ns        25 ns 
                                                                                      
poly_obj, ch                                            100           60    10.944 ms 
                                                    1.81 us     1.808 us     1.812 us 
                                                       9 ns         6 ns        14 ns 
                                                                                      
std::function, ch                                       100           42   11.0334 ms 
                                                   2.649 us     2.646 us     2.656 us 
                                                      22 ns        11 ns        36 ns 
                                                                                      
kblib::visit2_nop(v, f...), ch                          100           41   10.9552 ms 
                                                   2.698 us     2.687 us     2.728 us 
                                                      88 ns        40 ns       180 ns 
                                                                                      
std::get_if, ch                                         100           38    10.925 ms 
                                                   2.826 us     2.822 us     2.833 us 
                                                      24 ns        15 ns        36 ns 
                                                                                      
switch (v.index()), ch                                  100           46   10.9434 ms 
                                                   2.393 us     2.379 us     2.422 us 
                                                      98 ns        57 ns       152 ns 
                                                                                      
std::function, ex                                       100           40     11.12 ms 
                                                   2.707 us     2.704 us     2.714 us 
                                                      21 ns        11 ns        34 ns 
                                                                                      
std::visit(v, f), ex                                    100           19   11.2366 ms 
                                                    5.94 us     5.897 us     6.038 us 
                                                     313 ns       161 ns       526 ns 
                                                                                      
kblib::visit(v, f...), ex                               100           17   11.3747 ms 
                                                   6.662 us     6.652 us     6.688 us 
                                                      76 ns        34 ns       152 ns 
                                                                                      
kblib::visit(v)(f...), ex                               100           16    11.264 ms 
                                                   7.098 us     7.068 us     7.192 us 
                                                     243 ns        83 ns       535 ns 
                                                                                      
visit_indexed(v, f...), ex                              100           22    11.143 ms 
                                                    5.06 us     5.043 us     5.108 us 
                                                     135 ns        51 ns       283 ns 
                                                                                      
kblib::visit2(v, f...), ex                              100           39   11.0409 ms 
                                                   2.835 us      2.83 us     2.846 us 
                                                      37 ns        22 ns        62 ns 
                                                                                      

Profiling took 105.938 seconds



Release, generic: 106.594 seconds

-------------------------------------------------------------------------------
poly_obj performance
-------------------------------------------------------------------------------
../kblib/variant.cpp:431
...............................................................................

benchmark name                                  samples       iterations    estimated
                                                mean          low mean      high mean
                                                std dev       low std dev   high std dev
-------------------------------------------------------------------------------
baseline                                                100          128   11.2256 ms 
                                                     864 ns       859 ns       871 ns 
                                                      28 ns        19 ns        40 ns 
                                                                                      
raw pointer                                             100          114   11.1606 ms 
                                                   1.026 us     1.002 us     1.065 us 
                                                     154 ns       109 ns       212 ns 
                                                                                      
unique_ptr                                              100           70    11.249 ms 
                                                   1.652 us      1.63 us     1.678 us 
                                                     121 ns        91 ns       167 ns 
                                                                                      
poly_obj                                                100           49   11.3092 ms 
                                                   2.105 us     2.082 us     2.133 us 
                                                     127 ns       109 ns       148 ns 
                                                                                      
std::function                                           100           40    11.364 ms 
                                                    2.82 us     2.806 us     2.843 us 
                                                      87 ns        57 ns       127 ns 
                                                                                      
std::visit(v, f)                                        100           18   11.5326 ms 
                                                   6.484 us      6.45 us     6.573 us 
                                                     259 ns       116 ns       534 ns 
                                                                                      
kblib::visit(v, f...)                                   100           15    11.232 ms 
                                                   7.423 us     7.404 us     7.457 us 
                                                     126 ns        83 ns       191 ns 
                                                                                      
kblib::visit(v)(f...)                                   100           15    11.229 ms 
                                                   7.432 us     7.414 us     7.476 us 
                                                     135 ns        67 ns       272 ns 
                                                                                      
visit_indexed(v, f...)                                  100           20    11.294 ms 
                                                   5.592 us     5.588 us     5.603 us 
                                                      33 ns        17 ns        64 ns 
                                                                                      
kblib::visit2(v, f...)                                  100           51   11.2914 ms 
                                                   2.099 us     2.092 us     2.109 us 
                                                      41 ns        23 ns        63 ns 
                                                                                      
kblib::visit2_nop(v, f...)                              100           50    11.255 ms 
                                                   2.542 us     2.536 us     2.545 us 
                                                      20 ns         8 ns        41 ns 
                                                                                      
std::get_if                                             100           55   11.1595 ms 
                                                   1.912 us     1.909 us     1.918 us 
                                                      19 ns         9 ns        35 ns 
                                                                                      
switch (v.index())                                      100           67   11.1555 ms 
                                                   1.704 us     1.692 us     1.736 us 
                                                      93 ns        41 ns       182 ns 
                                                                                      
raw pointer, ch                                         100           80    11.256 ms 
                                                   1.404 us     1.402 us     1.407 us 
                                                      10 ns         6 ns        18 ns 
                                                                                      
unique_ptr, ch                                          100           52     11.18 ms 
                                                   2.144 us     2.134 us     2.157 us 
                                                      58 ns        49 ns        85 ns 
                                                                                      
poly_obj, ch                                            100           62   11.3026 ms 
                                                   1.816 us     1.814 us     1.819 us 
                                                      13 ns        10 ns        17 ns 
                                                                                      
std::function, ch                                       100           43   11.3305 ms 
                                                   2.645 us      2.64 us     2.653 us 
                                                      30 ns        19 ns        46 ns 
                                                                                      
kblib::visit2_nop(v, f...), ch                          100           37   11.1666 ms 
                                                   2.798 us     2.768 us     2.857 us 
                                                     206 ns       121 ns       335 ns 
                                                                                      
std::get_if, ch                                         100           35   11.1685 ms 
                                                   2.916 us     2.908 us     2.937 us 
                                                      63 ns        25 ns       112 ns 
                                                                                      
switch (v.index()), ch                                  100           47   11.3881 ms 
                                                   2.389 us     2.383 us     2.402 us 
                                                      44 ns        26 ns        77 ns 
                                                                                      
std::function, ex                                       100           42   11.3232 ms 
                                                    2.71 us      2.69 us     2.748 us 
                                                     134 ns        78 ns       206 ns 
                                                                                      
std::visit(v, f), ex                                    100           19   11.4057 ms 
                                                   5.888 us     5.883 us       5.9 us 
                                                      38 ns        20 ns        70 ns 
                                                                                      
kblib::visit(v, f...), ex                               100           17   11.6178 ms 
                                                   6.664 us     6.656 us     6.678 us 
                                                      53 ns        31 ns        83 ns 
                                                                                      
kblib::visit(v)(f...), ex                               100           16   11.4176 ms 
                                                   7.228 us     7.181 us     7.339 us 
                                                     349 ns       167 ns       638 ns 
                                                                                      
visit_indexed(v, f...), ex                              100           22   11.2398 ms 
                                                   5.206 us     5.177 us       5.3 us 
                                                     238 ns        56 ns       521 ns 
                                                                                      
kblib::visit2(v, f...), ex                              100           40    11.352 ms 
                                                   2.881 us     2.874 us      2.89 us 
                                                      40 ns        32 ns        56 ns 
                                                                                      

Profiling took 106.594 seconds







...............................................................................

benchmark name                                  samples       iterations    estimated
                                                mean          low mean      high mean
                                                std dev       low std dev   high std dev
-------------------------------------------------------------------------------
baseline                                                100            9     4.743 ms 
                                                   5.377 us     5.257 us     5.604 us 
                                                     815 ns       473 ns     1.219 us 
                                                                                      
raw pointer                                             100            5     5.156 ms 
                                                   10.47 us    10.331 us    10.772 us 
                                                     992 ns       506 ns     1.697 us 
                                                                                      
unique_ptr                                              100            4    4.7136 ms 
                                                  11.826 us    11.777 us    11.934 us 
                                                     354 ns       193 ns       629 ns 
                                                                                      
poly_obj                                                100            4    5.9116 ms 
                                                  14.644 us    14.606 us    14.745 us 
                                                     291 ns       131 ns       588 ns 
                                                                                      
std::function                                           100            3    4.4946 ms 
                                                  15.247 us    15.185 us    15.464 us 
                                                     524 ns       141 ns     1.189 us 
                                                                                      
std::visit(v, f)                                        100            2    5.4606 ms 
                                                  27.375 us    27.319 us    27.571 us 
                                                     443 ns        15 ns     1.009 us 
                                                                                      
kblib::visit(v, f...)                                   100            2    7.1178 ms 
                                                  37.308 us    37.237 us    37.471 us 
                                                     519 ns       235 ns       953 ns 
                                                                                      
kblib::visit(v)(f...)                                   100            2    7.2682 ms 
                                                  37.253 us    37.132 us     37.49 us 
                                                     836 ns       495 ns     1.355 us 
                                                                                      
visit_indexed(v, f...)                                  100            2    6.1444 ms 
                                                  30.203 us     30.11 us    30.442 us 
                                                     677 ns       172 ns     1.359 us 
                                                                                      
kblib::visit2(v, f...)                                  100            6     5.073 ms 
                                                   8.407 us     8.401 us     8.423 us 
                                                      46 ns        11 ns        83 ns 
                                                                                      
kblib::visit2_nop(v, f...)                              100            6    5.2518 ms 
                                                    8.65 us     8.624 us     8.724 us 
                                                     198 ns        55 ns       422 ns 
                                                                                      
std::get_if                                             100            6    5.2548 ms 
                                                    8.58 us     8.571 us     8.604 us 
                                                      68 ns        11 ns       125 ns 
                                                                                      
switch (v.index())                                      100            5      4.53 ms 
                                                   8.984 us     8.976 us     9.003 us 
                                                      55 ns         9 ns       100 ns 
                                                                                      
raw pointer, ch                                         100            3     4.608 ms 
                                                  15.859 us    15.732 us    16.168 us 
                                                     953 ns       495 ns     1.945 us 
                                                                                      
unique_ptr, ch                                          100            3    5.4471 ms 
                                                  18.344 us    18.185 us    18.621 us 
                                                   1.049 us       681 ns     1.495 us 
                                                                                      
poly_obj, ch                                            100            3    5.4147 ms 
                                                   18.29 us    18.154 us    18.501 us 
                                                     847 ns       605 ns     1.123 us 
                                                                                      
std::function, ch                                       100            2    4.9736 ms 
                                                    25.2 us    25.049 us    25.751 us 
                                                   1.255 us       163 ns     2.845 us 
                                                                                      
kblib::visit2_nop(v, f...), ch                          100            4    4.9792 ms 
                                                  12.327 us    12.257 us    12.558 us 
                                                     575 ns       199 ns     1.274 us 
                                                                                      
std::get_if, ch                                         100            4    5.0184 ms 
                                                  12.386 us    12.371 us     12.42 us 
                                                     107 ns        35 ns       189 ns 
                                                                                      
switch (v.index()), ch                                  100            3    5.2515 ms 
                                                  16.817 us    16.787 us    16.853 us 
                                                     166 ns       137 ns       229 ns 
                                                                                      
std::function, ex                                       100            2    4.7588 ms 
                                                  23.758 us    23.665 us    23.951 us 
                                                     654 ns       373 ns     1.115 us 
                                                                                      
std::visit(v, f), ex                                   100            2    8.1426 ms 
                                                  40.646 us    40.478 us    40.916 us 
                                                   1.065 us       739 ns     1.445 us 
                                                                                      
kblib::visit(v, f...), ex                               100            1    4.5847 ms 
                                                  44.016 us    43.855 us    44.341 us 
                                                   1.114 us       639 ns     1.733 us 
                                                                                      
kblib::visit(v)(f...), ex                               100            1    4.8752 ms 
                                                  46.345 us    46.078 us    47.004 us 
                                                   1.974 us       680 ns     3.551 us 
                                                                                      
visit_indexed(v, f...), ex                              100            2    8.0456 ms 
                                                  40.066 us    39.853 us    40.526 us 
                                                    1.52 us       869 ns     2.835 us 
                                                                                      
kblib::visit2(v, f...), ex                              100            4    4.9984 ms 
                                                  12.353 us    12.318 us    12.426 us 
                                                     245 ns       128 ns       403 ns 
                                                                                      

Profiling took 79.9745 seconds


...............................................................................

benchmark name                                  samples       iterations    estimated
                                                mean          low mean      high mean
                                                std dev       low std dev   high std dev
-------------------------------------------------------------------------------
baseline                                                100            6   22.3692 ms 
                                                  37.549 us    37.463 us    37.684 us 
                                                     539 ns       382 ns       750 ns 
                                                                                      
raw pointer                                             100            5   25.0175 ms 
                                                  51.205 us    50.874 us    51.771 us 
                                                    2.15 us     1.486 us     3.603 us 
                                                                                      
unique_ptr                                              100            4   27.8304 ms 
                                                  70.346 us    70.156 us    70.684 us 
                                                   1.262 us       816 ns     1.924 us 
                                                                                      
poly_obj                                                100            3   23.6682 ms 
                                                  79.075 us    78.949 us    79.336 us 
                                                     886 ns       520 ns     1.625 us 
                                                                                      
std::function                                           100            3   31.8021 ms 
                                                 106.562 us   106.382 us   106.841 us 
                                                   1.129 us       836 ns     1.618 us 
                                                                                      
std::visit(v, f)                                        100            1   23.5644 ms 
                                                 238.055 us   237.817 us   238.509 us 
                                                   1.626 us         1 us     2.622 us 
                                                                                      
kblib::visit(v, f...)                                   100            1   25.7574 ms 
                                                 258.965 us   258.066 us   260.366 us 
                                                   5.637 us     4.066 us     8.166 us 
                                                                                      
kblib::visit(v)(f...)                                   100            1   28.5982 ms 
                                                 288.355 us   288.059 us    288.93 us 
                                                   2.025 us     1.262 us     3.524 us 
                                                                                      
visit_indexed(v, f...)                                  100            2   42.2564 ms 
                                                 208.894 us   208.644 us   209.314 us 
                                                    1.62 us     1.085 us     2.408 us 
                                                                                      
kblib::visit2(v, f...)                                  100            2    42.043 ms 
                                                 211.649 us    210.64 us   214.749 us 
                                                   8.266 us     3.281 us    18.263 us 
                                                                                      
kblib::visit2_nop(v, f...)                              100            1   22.4208 ms 
                                                 222.502 us   221.938 us   223.046 us 
                                                   2.814 us     2.477 us     3.237 us 
                                                                                      
std::get_if                                             100            2   31.1868 ms 
                                                 158.164 us   157.007 us   160.526 us 
                                                   8.067 us     4.725 us    14.666 us 
                                                                                      
switch (v.index())                                      100            2   31.8476 ms 
                                                 160.739 us   159.819 us   162.011 us 
                                                   5.483 us     4.228 us     6.857 us 
                                                                                      
raw pointer, ch                                         100            4   22.7368 ms 
                                                  56.917 us    56.429 us    58.236 us 
                                                   3.801 us     1.717 us      8.02 us 
                                                                                      
unique_ptr, ch                                          100            3   31.3869 ms 
                                                 108.046 us   107.507 us   109.231 us 
                                                   3.883 us     1.865 us     6.907 us 
                                                                                      
poly_obj, ch                                            100            3   28.8066 ms 
                                                  96.128 us    96.011 us    96.313 us 
                                                     739 ns       526 ns     1.058 us 
                                                                                      
std::function, ch                                       100            2    24.474 ms 
                                                 122.038 us   121.671 us   122.737 us 
                                                    2.51 us     1.494 us     3.997 us 
                                                                                      
kblib::visit2_nop(v, f...), ch                          100            1   31.7631 ms 
                                                 322.764 us     318.6 us   329.289 us 
                                                   26.09 us    18.561 us    35.949 us 
                                                                                      
std::get_if, ch                                         100            1   23.0951 ms 
                                                 232.006 us   231.733 us   232.347 us 
                                                   1.543 us     1.221 us     2.061 us 
                                                                                      
switch (v.index()), ch                                  100            2   39.7608 ms 
                                                 203.752 us   201.604 us   211.332 us 
                                                  18.226 us     4.429 us    41.284 us 
                                                                                      
std::function, ex                                       100            2   25.1966 ms 
                                                 126.152 us   126.051 us   126.364 us 
                                                     715 ns       408 ns      1.27 us 
                                                                                      
std::visit(v, f)), ex                                   100            1   31.1489 ms 
                                                   310.9 us   310.401 us    311.57 us 
                                                   2.921 us     2.349 us     3.567 us 
                                                                                      
kblib::visit(v, f...), ex                               100            1   32.8602 ms 
                                                 328.484 us   327.863 us    329.82 us 
                                                    4.41 us     2.399 us     7.407 us 
                                                                                      
kblib::visit(v)(f...), ex                               100            1   37.4233 ms 
                                                 377.681 us   372.931 us   386.452 us 
                                                  31.852 us    19.155 us    46.567 us 
                                                                                      
visit_indexed(v, f...), ex                              100            1   26.1303 ms 
                                                 261.261 us   260.765 us   262.084 us 
                                                   3.206 us     2.318 us     5.439 us 
                                                                                      
kblib::visit2(v, f...), ex                              100            1   31.4924 ms 
                                                 315.509 us   314.922 us   316.366 us 
                                                   3.585 us     2.645 us     5.292 us 
                                                                                      

Profiling took 285.908 seconds



...............................................................................

benchmark name                                  samples       iterations    estimated
                                                mean          low mean      high mean
                                                std dev       low std dev   high std dev
-------------------------------------------------------------------------------
baseline                                                100            9     4.635 ms 
                                                   5.138 us     5.129 us     5.178 us 
                                                      83 ns        13 ns       196 ns 
                                                                                      
raw pointer                                             100            5    5.1715 ms 
                                                  10.635 us    10.437 us    11.007 us 
                                                   1.342 us       786 ns     2.038 us 
                                                                                      
unique pointer                                          100            4    4.7528 ms 
                                                    11.9 us    11.835 us    12.031 us 
                                                     447 ns       249 ns       715 ns 
                                                                                      
poly_obj                                                100            3    4.6473 ms 
                                                  20.512 us    19.284 us    22.214 us 
                                                   7.303 us     5.666 us     8.991 us 
                                                                                      
std::function                                           100            4    4.8512 ms 
                                                  11.993 us    11.942 us    12.115 us 
                                                     375 ns       135 ns       659 ns 
                                                                                      
std::variant (std::visit)                               100            2    6.1792 ms 
                                                  30.782 us    30.759 us    30.837 us 
                                                     180 ns        93 ns       296 ns 
                                                                                      
kblib::visit(v, f...)                                   100            2    7.6762 ms 
                                                  39.302 us    39.049 us     39.82 us 
                                                   1.769 us     1.024 us     2.984 us 
                                                                                      
kblib::visit(v)(f...)                                   100            2    7.1928 ms 
                                                  35.995 us    35.919 us    36.176 us 
                                                     564 ns       280 ns     1.057 us 
                                                                                      
visit_indexed(v,f...)                                   100            2    6.3282 ms 
                                                  31.176 us    31.084 us    31.331 us 
                                                     595 ns       411 ns     1.061 us 
                                                                                      
kblib::visit2(v, f...)                                  100            6    4.8774 ms 
                                                    8.14 us     8.119 us     8.215 us 
                                                     177 ns        44 ns       405 ns 
                                                                                      
kblib::visit2_nop(v, f...)                              100            6    5.2134 ms 
                                                   8.669 us     8.633 us     8.777 us 
                                                     287 ns       105 ns       624 ns 
                                                                                      
variant (get_if)                                        100            6    5.1192 ms 
                                                   8.479 us     8.462 us     8.523 us 
                                                     129 ns        64 ns       247 ns 
                                                                                      
variant (switch)                                        100            5     4.764 ms 
                                                    8.94 us     8.899 us      9.04 us 
                                                     302 ns       117 ns       554 ns 
                                                                                      
raw pointer, ch                                         100            4    5.7096 ms 
                                                  14.695 us    14.483 us    15.123 us 
                                                   1.481 us       768 ns     2.452 us 
                                                                                      
unique pointer, ch                                      100            3    5.0517 ms 
                                                  17.029 us    16.837 us    17.441 us 
                                                   1.372 us       760 ns     2.484 us 
                                                                                      
poly_obj, ch                                            100            3    5.1144 ms 
                                                   17.07 us    17.055 us    17.125 us 
                                                     129 ns        32 ns       298 ns 
                                                                                      
std::function, ch                                       100            3    5.5131 ms 
                                                  18.569 us    18.421 us    18.777 us 
                                                     879 ns       680 ns     1.133 us 
                                                                                      
std::function, ex                                       100            3    4.8792 ms 
                                                  16.258 us    16.166 us    16.444 us 
                                                     652 ns       401 ns     1.074 us 
                                                                                      
std::variant (std::visit), ex                           100            2     5.665 ms 
                                                   28.49 us    28.442 us    28.611 us 
                                                     359 ns       137 ns       707 ns 
                                                                                      
kblib::visit(v, f...), ex                               100            1    4.7651 ms 
                                                  37.982 us    36.809 us    40.261 us 
                                                   7.962 us     4.423 us    11.969 us 
                                                                                      
kblib::visit(v)(f...), ex                               100            2    7.2316 ms 
                                                  35.708 us    35.682 us    35.773 us 
                                                     183 ns        14 ns       332 ns 
                                                                                      
visit_indexed(v,f...), ex                               100            2    6.1152 ms 
                                                  29.788 us    29.758 us    29.864 us 
                                                     220 ns        67 ns       393 ns 
                                                                                      
kblib::visit2(v, f...), ex                              100            4     5.558 ms 
                                                   9.207 us      9.12 us     9.384 us 
                                                     604 ns       328 ns       993 ns 
                                                                                      
kblib::visit2_nop(v, f...), ch                          100            5    4.8215 ms 
                                                   9.588 us     9.504 us     9.774 us 
                                                     608 ns       326 ns       995 ns 
                                                                                      
variant (get_if), ch                                    100            5    4.7045 ms 
                                                   9.305 us     9.284 us     9.348 us 
                                                     148 ns        82 ns       235 ns 
                                                                                      
variant (switch), ch                                    100            4    5.3092 ms 
                                                  13.795 us    13.557 us    14.112 us 
                                                   1.396 us     1.108 us     1.737 us 
                                                                                      

Profiling took 80.1834 seconds

...............................................................................

benchmark name                                  samples       iterations    estimated
                                                mean          low mean      high mean
                                                std dev       low std dev   high std dev
-------------------------------------------------------------------------------
baseline                                                100            6   22.3044 ms 
                                                   37.64 us    37.416 us    38.071 us 
                                                   1.531 us       888 ns     2.415 us 
                                                                                      
raw pointer                                             100            5    24.932 ms 
                                                  51.156 us    50.755 us    52.043 us 
                                                   2.902 us     1.648 us     5.853 us 
                                                                                      
unique pointer                                          100            4   27.8948 ms 
                                                   69.79 us     69.58 us    70.197 us 
                                                   1.437 us       913 ns     2.661 us 
                                                                                      
poly_obj                                                100            3   23.6661 ms 
                                                  80.864 us    80.012 us     82.42 us 
                                                   5.717 us     3.534 us     8.539 us 
                                                                                      
std::function                                           100            3    31.812 ms 
                                                 106.142 us   105.704 us    106.86 us 
                                                   2.801 us     1.909 us     3.982 us 
                                                                                      
std::variant (std::visit)                               100            1   24.4091 ms 
                                                 341.306 us   325.722 us   356.802 us 
                                                  79.367 us    72.708 us    88.831 us 
                                                                                      
kblib::visit(v, f...)                                   100            1   27.5098 ms 
                                                 281.259 us   278.748 us   285.102 us 
                                                  15.584 us    11.157 us    26.825 us 
                                                                                      
kblib::visit(v)(f...)                                   100            1   29.8849 ms 
                                                 300.405 us   299.205 us   302.798 us 
                                                   8.357 us     5.102 us    14.674 us 
                                                                                      
visit_indexed(v,f...)                                   100            2   40.9656 ms 
                                                 210.013 us   207.359 us   215.255 us 
                                                  18.187 us    10.902 us    28.677 us 
                                                                                      
kblib::visit2(v, f...)                                  100            2   42.6954 ms 
                                                  212.36 us   212.081 us   212.641 us 
                                                    1.43 us     1.232 us     1.694 us 
                                                                                      
kblib::visit2_nop(v, f...)                              100            2   43.8636 ms 
                                                 222.103 us   220.798 us    227.05 us 
                                                  11.582 us     2.463 us    27.032 us 
                                                                                      
variant (get_if)                                        100            2   31.8722 ms 
                                                  159.64 us   158.807 us   160.813 us 
                                                   5.012 us     3.862 us     7.174 us 
                                                                                      
variant (switch)                                        100            2   31.9002 ms 
                                                  158.96 us   158.391 us    159.89 us 
                                                   3.642 us     2.528 us      5.44 us 
                                                                                      
raw pointer, ch                                         100            5     26.67 ms 
                                                  53.673 us    53.508 us    54.077 us 
                                                    1.23 us       639 ns     2.416 us 
                                                                                      
unique pointer, ch                                      100            3   31.7316 ms 
                                                 106.701 us   105.933 us   108.792 us 
                                                   5.867 us     1.361 us    12.124 us 
                                                                                      
poly_obj, ch                                            100            3   27.0762 ms 
                                                  90.905 us    90.594 us    91.491 us 
                                                   2.109 us     1.347 us     3.628 us 
                                                                                      
std::function, ch                                       100            3   30.3408 ms 
                                                 101.139 us   100.835 us   101.658 us 
                                                   1.979 us     1.302 us     2.935 us 
                                                                                      
std::function, ex                                       100            3     30.18 ms 
                                                 101.033 us   100.619 us   101.843 us 
                                                   2.845 us     1.712 us     4.762 us 
                                                                                      
std::variant (std::visit), ex                           100            1   25.4796 ms 
                                                 255.501 us   253.653 us   259.863 us 
                                                  13.656 us     7.234 us     27.57 us 
                                                                                      
kblib::visit(v, f...), ex                               100            1    25.545 ms 
                                                  263.11 us   261.301 us   264.921 us 
                                                   9.245 us       8.9 us     9.838 us 
                                                                                      
kblib::visit(v)(f...), ex                               100            1   28.2635 ms 
                                                 294.275 us   289.117 us   303.389 us 
                                                  33.889 us    21.521 us    49.371 us 
                                                                                      
visit_indexed(v,f...), ex                               100            2   41.4532 ms 
                                                 207.312 us   206.379 us   209.973 us 
                                                   7.322 us     3.043 us    15.497 us 
                                                                                      
kblib::visit2(v, f...), ex                              100            1   23.9571 ms 
                                                 239.969 us   238.943 us   242.059 us 
                                                   7.167 us     4.081 us    11.696 us 
                                                                                      
kblib::visit2_nop(v, f...), ex                          100            1   24.1111 ms 
                                                 241.987 us   241.664 us   242.477 us 
                                                   1.999 us     1.477 us     3.024 us 
                                                                                      
variant (get_if), ex                                    100            2     35.33 ms 
                                                 176.568 us   175.984 us   177.706 us 
                                                   4.003 us      2.48 us     7.096 us 
                                                                                      
variant (switch), ex                                    100            2   31.9386 ms 
                                                 158.344 us   157.896 us    158.98 us 
                                                    2.68 us     2.077 us     3.747 us 
                                                                                      

Profiling took 274.621 seconds





...............................................................................

benchmark name                                  samples       iterations    estimated
                                                mean          low mean      high mean
                                                std dev       low std dev   high std dev
-------------------------------------------------------------------------------
baseline                                                100           11    4.7938 ms 
                                                    4.38 us     4.351 us     4.472 us 
                                                     231 ns        78 ns       507 ns 
                                                                                      
raw pointer                                             100            8    5.0472 ms 
                                                   6.331 us     6.315 us     6.369 us 
                                                     117 ns        60 ns       225 ns 
                                                                                      
kblib::visit2_nop(v, f...)                              100            6    4.7262 ms 
                                                   7.677 us     7.669 us     7.699 us 
                                                      59 ns         9 ns       108 ns 
                                                                                      
unique pointer                                          100            6    4.9116 ms 
                                                   7.906 us      7.82 us     8.112 us 
                                                     634 ns       225 ns     1.119 us 
                                                                                      
kblib::visit2(v, f...)                                  100            6    4.7616 ms 
                                                   8.026 us     7.927 us     8.231 us 
                                                     701 ns       415 ns      1.24 us 
                                                                                      
variant (get_if)                                        100            6    4.8822 ms 
                                                    8.14 us     8.131 us     8.161 us 
                                                      60 ns         4 ns       112 ns 
                                                                                      
poly_obj                                                100            6    5.0676 ms 
                                                   8.451 us     8.419 us     8.514 us 
                                                     219 ns       122 ns       342 ns 
                                                                                      
variant (switch)                                        100            4    4.9284 ms 
                                                  11.754 us    11.665 us    11.875 us 
                                                     529 ns       414 ns       691 ns 
                                                                                      
std::function                                           100            3    6.5157 ms 
                                                  21.735 us    21.694 us     21.85 us 
                                                     316 ns       103 ns       653 ns 
                                                                                      
std::variant (std::visit)                               100            2    5.2906 ms 
                                                  26.333 us    26.256 us     26.53 us 
                                                     586 ns       275 ns     1.147 us 
                                                                                      
visit_indexed(v,f...)                                   100            2     5.862 ms 
                                                  29.565 us    29.496 us    29.692 us 
                                                     465 ns       304 ns       866 ns 
                                                                                      
kblib::visit(v, f...)                                   100            2    7.1006 ms 
                                                   34.45 us     34.38 us     34.58 us 
                                                     472 ns       299 ns       823 ns 
                                                                                      
kblib::visit(v)(f...)                                   100            2    7.9008 ms 
                                                  38.245 us    38.078 us    38.555 us 
                                                   1.132 us       708 ns      1.71 us 
                                                                                      
Profiling took 39.661 seconds

benchmark name                                  samples       iterations    estimated
                                                mean          low mean      high mean
                                                std dev       low std dev   high std dev
-------------------------------------------------------------------------------
baseline                                                100            6    4.4124 ms 
                                                   5.223 us     5.191 us     5.377 us 
                                                     309 ns        14 ns       737 ns 
                                                                                      
raw pointer                                             100            5    5.2525 ms 
                                                  10.479 us    10.434 us    10.568 us 
                                                     308 ns       179 ns       511 ns 
                                                                                      
variant (get_if)                                        100            4    4.6808 ms 
                                                  11.518 us    11.503 us    11.566 us 
                                                     120 ns        27 ns       262 ns 
                                                                                      
unique pointer                                          100            4    4.7656 ms 
                                                  12.006 us    11.946 us    12.114 us 
                                                     397 ns       251 ns       596 ns 
                                                                                      
kblib::visit2_nop(v, f...)                              100            4    4.9788 ms 
                                                  12.387 us    12.302 us    12.582 us 
                                                     623 ns       244 ns     1.084 us 
                                                                                      
poly_obj                                                100            4    4.9752 ms 
                                                   12.56 us    12.443 us    12.786 us 
                                                     800 ns       483 ns     1.277 us 
                                                                                      
variant (switch)                                        100            4       5.6 ms 
                                                   14.04 us    13.977 us    14.161 us 
                                                     430 ns       257 ns       685 ns 
                                                                                      
kblib::visit2(v, f...)                                  100            3    4.9467 ms 
                                                  16.059 us    16.035 us    16.135 us 
                                                     185 ns         5 ns       415 ns 
                                                                                      
std::function                                           100            3    5.4135 ms 
                                                  18.282 us    18.176 us    18.496 us 
                                                     737 ns       411 ns     1.215 us 
                                                                                      
std::variant (std::visit)                               100            2      8.19 ms 
                                                  41.184 us     41.12 us    41.308 us 
                                                     438 ns       256 ns       733 ns 
                                                                                      
visit_indexed(v,f...)                                   100            2     8.403 ms 
                                                  42.434 us    42.364 us    42.523 us 
                                                     399 ns       232 ns       626 ns 
                                                                                      
kblib::visit(v)(f...)                                   100            1      4.86 ms 
                                                  47.994 us    47.913 us    48.215 us 
                                                     599 ns        49 ns     1.254 us 
                                                                                      
kblib::visit(v, f...)                                   100            1     4.747 ms 
                                                  49.211 us    48.647 us    50.267 us 
                                                   3.818 us      2.31 us     5.858 us 
                                                                                      

Profiling took 41.8537 seconds


3295065912 != 3795016604


...............................................................................

benchmark name                                  samples       iterations    estimated
                                                mean          low mean      high mean
                                                std dev       low std dev   high std dev
-------------------------------------------------------------------------------
baseline                                                100            7   26.2248 ms 
                                                  38.719 us    37.608 us    44.007 us 
                                                  10.602 us       678 ns    25.253 us 
                                                                                      
raw pointer                                             100            5   25.0545 ms 
                                                  51.265 us    50.892 us    52.325 us 
                                                   2.946 us     1.259 us     6.352 us 
                                                                                      
unique pointer                                          100            4   28.1292 ms 
                                                  70.737 us    70.338 us    71.408 us 
                                                   2.576 us     1.706 us     3.614 us 
                                                                                      
poly_obj                                                100            3   25.7268 ms 
                                                  84.821 us    84.451 us    85.445 us 
                                                   2.389 us     1.587 us     3.358 us 
                                                                                      
std::function                                           100            3   30.5532 ms 
                                                 102.861 us   102.441 us   103.516 us 
                                                   2.619 us     1.846 us     3.734 us 
                                                                                      
std::variant (std::visit)                               100            1   23.9894 ms 
                                                 239.995 us   239.639 us   240.658 us 
                                                   2.416 us     1.468 us      3.84 us 
                                                                                      
kblib::visit(v, f...)                                   100            1   25.7096 ms 
                                                 257.245 us   256.896 us   257.899 us 
                                                   2.374 us     1.425 us     3.769 us 
                                                                                      
kblib::visit(v)(f...)                                   100            1    29.439 ms 
                                                 283.741 us   282.929 us   284.904 us 
                                                   4.924 us     3.737 us     6.403 us 
                                                                                      
visit_indexed(v,f...)                                   100            2   41.4114 ms 
                                                 207.239 us   206.314 us   208.565 us 
                                                   5.603 us     4.318 us     7.281 us 
                                                                                      
kblib::visit2(v, f...)                                  100            2    42.849 ms 
                                                 212.849 us   212.046 us   213.682 us 
                                                   4.185 us     3.759 us     4.879 us 
                                                                                      
kblib::visit2_nop(v, f...)                              100            2   44.7278 ms 
                                                 219.521 us   218.959 us   220.084 us 
                                                   2.867 us     2.584 us     3.206 us 
                                                                                      
variant (get_if)                                        100            2     31.96 ms 
                                                 158.312 us   157.847 us   158.894 us 
                                                   2.637 us     2.171 us       3.5 us 
                                                                                      
variant (switch)                                        100            2    32.155 ms 
                                                 159.906 us    159.53 us   160.349 us 
                                                   2.075 us     1.722 us     2.818 us 
                                                                                      
std::function, ex                                       100            3   30.4173 ms 
                                                 101.333 us   101.231 us   101.501 us 
                                                     651 ns       445 ns       963 ns 
                                                                                      
std::function, ch                                       100            3   30.4224 ms 
                                                 101.977 us   101.722 us    102.46 us 
                                                   1.725 us     1.091 us     2.889 us 
                                                                                      
std::variant (std::visit), ex                           100            1   26.8135 ms 
                                                  264.95 us   260.861 us   271.557 us 
                                                  26.131 us    18.018 us    38.239 us 
                                                                                      
kblib::visit(v, f...), ex                               100            1   26.9409 ms 
                                                 270.371 us   269.997 us   271.011 us 
                                                   2.444 us     1.635 us     3.536 us 
                                                                                      
kblib::visit(v)(f...), ex                               100            1   29.9595 ms 
                                                 291.102 us   290.506 us    292.61 us 
                                                   4.506 us     2.239 us     9.217 us 
                                                                                      
visit_indexed(v,f...), ex                               100            2   42.5894 ms 
                                                 212.549 us   211.301 us   214.526 us 
                                                   7.899 us     5.691 us    11.447 us 
                                                                                      
kblib::visit2(v, f...), ex                              100            1   24.2211 ms 
                                                 244.395 us   242.628 us   247.837 us 
                                                  12.133 us     7.055 us    19.444 us 
                                                                                      
kblib::visit2_nop(v, f...), ex                          100            1   24.8372 ms 
                                                 246.955 us   246.657 us   247.338 us 
                                                   1.714 us     1.375 us     2.192 us 
                                                                                      
variant (get_if), ex                                    100            2   36.5726 ms 
                                                 182.956 us   182.565 us    183.63 us 
                                                    2.55 us     1.663 us     4.081 us 
                                                                                      
variant (switch), ex                                    100            2   31.7458 ms 
                                                 158.221 us   157.414 us    159.31 us 
                                                   4.743 us     3.761 us     6.108 us 
                                                                                      

Profiling took 259.889 seconds

...............................................................................

benchmark name                                  samples       iterations    estimated
                                                mean          low mean      high mean
                                                std dev       low std dev   high std dev
-------------------------------------------------------------------------------
baseline                                                100            9    4.7961 ms 
                                                   5.115 us       5.1 us      5.18 us 
                                                     131 ns        14 ns       312 ns 
                                                                                      
raw pointer                                             100            6    4.5822 ms 
                                                   7.283 us     7.274 us     7.305 us 
                                                      68 ns        27 ns       118 ns 
                                                                                      
unique pointer                                          100            6    5.2782 ms 
                                                   8.895 us     8.819 us      9.19 us 
                                                     666 ns       152 ns     1.531 us 
                                                                                      
poly_obj                                                100            5    4.4595 ms 
                                                   8.888 us     8.842 us     9.016 us 
                                                     351 ns       142 ns       735 ns 
                                                                                      
std::function                                           100            4     4.818 ms 
                                                  12.745 us    12.361 us    13.426 us 
                                                   2.538 us     1.648 us     3.822 us 
                                                                                      
std::variant (std::visit)                               100            2    5.5498 ms 
                                                  27.845 us    27.653 us     28.22 us 
                                                   1.328 us       828 ns      2.48 us 
                                                                                      
kblib::visit(v, f...)                                   100            2    8.3106 ms 
                                                  42.736 us     42.35 us    43.285 us 
                                                   2.309 us     1.777 us     2.924 us 
                                                                                      
kblib::visit(v)(f...)                                   100            2    7.2712 ms 
                                                  36.864 us    36.815 us    36.999 us 
                                                     375 ns       155 ns       756 ns 
                                                                                      
visit_indexed(v,f...)                                   100            2    6.2024 ms 
                                                  31.206 us    30.712 us    32.007 us 
                                                   3.138 us     2.159 us     4.735 us 
                                                                                      
kblib::visit2(v, f...)                                  100            6    4.8558 ms 
                                                   8.105 us     8.052 us     8.293 us 
                                                     432 ns        36 ns       977 ns 
                                                                                      
kblib::visit2_nop(v, f...)                              100            6    5.2914 ms 
                                                   8.705 us      8.64 us     8.922 us 
                                                     533 ns       131 ns     1.189 us 
                                                                                      
variant (get_if)                                        100            6    5.1576 ms 
                                                   8.468 us     8.447 us     8.527 us 
                                                     156 ns        39 ns       334 ns 
                                                                                      
variant (switch)                                        100            5     4.625 ms 
                                                   8.962 us     8.947 us     9.005 us 
                                                     117 ns        34 ns       242 ns 
                                                                                      
std::function, ex                                       100            3    4.7481 ms 
                                                  15.997 us    15.941 us    16.144 us 
                                                     430 ns       171 ns       880 ns 
                                                                                      
std::function, ch                                       100            3    5.0562 ms 
                                                   16.66 us    16.627 us    16.764 us 
                                                     251 ns        20 ns       555 ns 
                                                                                      
std::variant (std::visit), ex                           100            2     5.754 ms 
                                                  28.514 us    28.458 us    28.721 us 
                                                     481 ns       126 ns     1.096 us 
                                                                                      
kblib::visit(v, f...), ex                               100            2     7.278 ms 
                                                  36.643 us    36.535 us    36.972 us 
                                                     859 ns       312 ns     1.867 us 
                                                                                      
kblib::visit(v)(f...), ex                               100            2    7.2594 ms 
                                                  36.935 us     36.88 us     37.08 us 
                                                     421 ns       190 ns       881 ns 
                                                                                      
visit_indexed(v,f...), ex                               100            2    5.9672 ms 
                                                  30.009 us    29.861 us    30.606 us 
                                                   1.261 us       100 ns     2.917 us 
                                                                                      
kblib::visit2(v, f...), ex                              100            5    4.5125 ms 
                                                    9.04 us     8.972 us     9.221 us 
                                                     520 ns       203 ns     1.057 us 
                                                                                      
kblib::visit2_nop(v, f...), ex                          100            5     4.601 ms 
                                                   9.142 us     9.076 us     9.278 us 
                                                     463 ns       277 ns       827 ns 
                                                                                      
variant (get_if), ex                                    100            5     4.498 ms 
                                                   8.871 us     8.861 us     8.898 us 
                                                      75 ns        12 ns       138 ns 
                                                                                      
variant (switch), ex                                    100            4     5.076 ms 
                                                  12.624 us    12.544 us    12.757 us 
                                                     514 ns       365 ns       815 ns 
                                                                                      

Profiling took 70.3751 seconds















